mode: set
github.com/josecordaz/wndyr/main.go:20.13,22.16 2 0
github.com/josecordaz/wndyr/main.go:25.2,25.70 1 0
github.com/josecordaz/wndyr/main.go:22.16,24.3 1 0
github.com/josecordaz/wndyr/main.go:28.82,30.20 1 1
github.com/josecordaz/wndyr/main.go:34.2,36.49 2 1
github.com/josecordaz/wndyr/main.go:40.2,41.16 2 1
github.com/josecordaz/wndyr/main.go:45.2,51.16 5 1
github.com/josecordaz/wndyr/main.go:55.2,55.52 1 1
github.com/josecordaz/wndyr/main.go:59.2,59.19 1 1
github.com/josecordaz/wndyr/main.go:30.20,32.3 1 1
github.com/josecordaz/wndyr/main.go:36.49,38.3 1 1
github.com/josecordaz/wndyr/main.go:41.16,43.3 1 0
github.com/josecordaz/wndyr/main.go:51.16,53.3 1 0
github.com/josecordaz/wndyr/main.go:55.52,57.3 1 0
github.com/josecordaz/wndyr/main.go:62.71,67.28 3 1
github.com/josecordaz/wndyr/main.go:76.2,81.22 4 1
github.com/josecordaz/wndyr/main.go:85.2,85.25 1 1
github.com/josecordaz/wndyr/main.go:67.28,69.25 2 1
github.com/josecordaz/wndyr/main.go:69.25,71.53 2 1
github.com/josecordaz/wndyr/main.go:71.53,73.5 1 0
github.com/josecordaz/wndyr/main.go:81.22,83.3 1 0
github.com/josecordaz/wndyr/main.go:89.63,90.16 1 1
github.com/josecordaz/wndyr/main.go:95.2,95.72 1 1
github.com/josecordaz/wndyr/main.go:99.2,99.8 1 1
github.com/josecordaz/wndyr/main.go:90.16,92.3 1 1
github.com/josecordaz/wndyr/main.go:92.8,94.3 1 1
github.com/josecordaz/wndyr/main.go:95.72,98.3 2 0
github.com/josecordaz/wndyr/main.go:102.44,104.16 2 1
github.com/josecordaz/wndyr/main.go:107.2,107.12 1 1
github.com/josecordaz/wndyr/main.go:104.16,106.3 1 1
github.com/josecordaz/wndyr/main.go:110.95,120.6 7 1
github.com/josecordaz/wndyr/main.go:151.2,153.19 2 1
github.com/josecordaz/wndyr/main.go:120.6,122.17 2 1
github.com/josecordaz/wndyr/main.go:126.3,128.17 3 1
github.com/josecordaz/wndyr/main.go:131.3,132.17 2 1
github.com/josecordaz/wndyr/main.go:135.3,135.22 1 1
github.com/josecordaz/wndyr/main.go:138.3,138.28 1 1
github.com/josecordaz/wndyr/main.go:142.3,142.37 1 1
github.com/josecordaz/wndyr/main.go:146.3,147.50 2 1
github.com/josecordaz/wndyr/main.go:122.17,124.4 1 0
github.com/josecordaz/wndyr/main.go:128.17,130.4 1 0
github.com/josecordaz/wndyr/main.go:132.17,134.4 1 0
github.com/josecordaz/wndyr/main.go:135.22,137.4 1 0
github.com/josecordaz/wndyr/main.go:138.28,139.9 1 1
github.com/josecordaz/wndyr/main.go:142.37,145.4 2 1
github.com/josecordaz/wndyr/main.go:156.46,163.33 5 1
github.com/josecordaz/wndyr/main.go:167.2,168.16 2 1
github.com/josecordaz/wndyr/main.go:172.2,172.56 1 1
github.com/josecordaz/wndyr/main.go:176.2,178.12 2 1
github.com/josecordaz/wndyr/main.go:163.33,165.3 1 1
github.com/josecordaz/wndyr/main.go:168.16,170.3 1 0
github.com/josecordaz/wndyr/main.go:172.56,174.3 1 0
